{
  "uid" : "d8ee3ef73617ad68",
  "name" : "Change profile name",
  "fullName" : "tests.feature_profile_test.TestProfileFeature#test_change_profile_name",
  "historyId" : "42b4a115007c35c622675a0baedb491a",
  "time" : {
    "start" : 1715440347374,
    "stop" : 1715440365496,
    "duration" : 18122
  },
  "status" : "broken",
  "statusMessage" : "selenium.common.exceptions.TimeoutException: Message:",
  "statusTrace" : "self = <feature_profile_test.TestProfileFeature object at 0x7f13714ad9a0>\n\n    @allure.title(\"Change profile name\")\n    @allure.step(\"Critical\")\n    @pytest.mark.smoke\n    def test_change_profile_name(self):\n    \n        self.login_page.open()\n        self.login_page.enter_login(self.data.LOGIN)\n        self.login_page.enter_password(self.data.PASSWORD)\n        self.login_page.click_submit_button()\n        self.dashboard_page.is_opened()\n        self.dashboard_page.click_my_info_link()\n        self.personal_page.is_opened()\n        # Генерация случайного имени длиной до 30 символов как требует сайт\n        random_name = ''.join(random.choices(string.ascii_letters, k=random.randint(1, 30)))\n        # Изменение имени на странице\n        self.personal_page.change_name(random_name)\n        self.personal_page.save_changes()\n>       self.personal_page.is_changes_save()\n\ntests/feature_profile_test.py:30: \n_ _ _ _ _ _ _ _ _ _ _ _ _ _ _ _ _ _ _ _ _ _ _ _ _ _ _ _ _ _ _ _ _ _ _ _ _ _ _ _ \npages/personal_page.py:32: in is_changes_save\n    self.wait.until(EC.text_to_be_present_in_element_value(self.FIRST_NAME_FIELD, self.name))\n_ _ _ _ _ _ _ _ _ _ _ _ _ _ _ _ _ _ _ _ _ _ _ _ _ _ _ _ _ _ _ _ _ _ _ _ _ _ _ _ \n\nself = <selenium.webdriver.support.wait.WebDriverWait (session=\"925e6f5abb8398617122ccec95f1d8a2\")>\nmethod = <function text_to_be_present_in_element_value.<locals>._predicate at 0x7f1370706f20>\nmessage = ''\n\n    def until(self, method: Callable[[D], Union[Literal[False], T]], message: str = \"\") -> T:\n        \"\"\"Calls the method provided with the driver as an argument until the \\\n        return value does not evaluate to ``False``.\n    \n        :param method: callable(WebDriver)\n        :param message: optional message for :exc:`TimeoutException`\n        :returns: the result of the last call to `method`\n        :raises: :exc:`selenium.common.exceptions.TimeoutException` if timeout occurs\n        \"\"\"\n        screen = None\n        stacktrace = None\n    \n        end_time = time.monotonic() + self._timeout\n        while True:\n            try:\n                value = method(self._driver)\n                if value:\n                    return value\n            except self._ignored_exceptions as exc:\n                screen = getattr(exc, \"screen\", None)\n                stacktrace = getattr(exc, \"stacktrace\", None)\n            time.sleep(self._poll)\n            if time.monotonic() > end_time:\n                break\n>       raise TimeoutException(message, screen, stacktrace)\nE       selenium.common.exceptions.TimeoutException: Message:\n\n../local/lib/python3.12/site-packages/selenium/webdriver/support/wait.py:105: TimeoutException",
  "flaky" : false,
  "newFailed" : false,
  "beforeStages" : [ {
    "name" : "driver",
    "time" : {
      "start" : 1715440346953,
      "stop" : 1715440347373,
      "duration" : 420
    },
    "status" : "passed",
    "steps" : [ ],
    "attachments" : [ ],
    "parameters" : [ ],
    "attachmentsCount" : 0,
    "shouldDisplayMessage" : false,
    "stepsCount" : 0,
    "hasContent" : false
  }, {
    "name" : "setup",
    "time" : {
      "start" : 1715440347373,
      "stop" : 1715440347373,
      "duration" : 0
    },
    "status" : "passed",
    "steps" : [ ],
    "attachments" : [ ],
    "parameters" : [ ],
    "attachmentsCount" : 0,
    "shouldDisplayMessage" : false,
    "stepsCount" : 0,
    "hasContent" : false
  } ],
  "testStage" : {
    "status" : "broken",
    "statusMessage" : "selenium.common.exceptions.TimeoutException: Message:",
    "statusTrace" : "self = <feature_profile_test.TestProfileFeature object at 0x7f13714ad9a0>\n\n    @allure.title(\"Change profile name\")\n    @allure.step(\"Critical\")\n    @pytest.mark.smoke\n    def test_change_profile_name(self):\n    \n        self.login_page.open()\n        self.login_page.enter_login(self.data.LOGIN)\n        self.login_page.enter_password(self.data.PASSWORD)\n        self.login_page.click_submit_button()\n        self.dashboard_page.is_opened()\n        self.dashboard_page.click_my_info_link()\n        self.personal_page.is_opened()\n        # Генерация случайного имени длиной до 30 символов как требует сайт\n        random_name = ''.join(random.choices(string.ascii_letters, k=random.randint(1, 30)))\n        # Изменение имени на странице\n        self.personal_page.change_name(random_name)\n        self.personal_page.save_changes()\n>       self.personal_page.is_changes_save()\n\ntests/feature_profile_test.py:30: \n_ _ _ _ _ _ _ _ _ _ _ _ _ _ _ _ _ _ _ _ _ _ _ _ _ _ _ _ _ _ _ _ _ _ _ _ _ _ _ _ \npages/personal_page.py:32: in is_changes_save\n    self.wait.until(EC.text_to_be_present_in_element_value(self.FIRST_NAME_FIELD, self.name))\n_ _ _ _ _ _ _ _ _ _ _ _ _ _ _ _ _ _ _ _ _ _ _ _ _ _ _ _ _ _ _ _ _ _ _ _ _ _ _ _ \n\nself = <selenium.webdriver.support.wait.WebDriverWait (session=\"925e6f5abb8398617122ccec95f1d8a2\")>\nmethod = <function text_to_be_present_in_element_value.<locals>._predicate at 0x7f1370706f20>\nmessage = ''\n\n    def until(self, method: Callable[[D], Union[Literal[False], T]], message: str = \"\") -> T:\n        \"\"\"Calls the method provided with the driver as an argument until the \\\n        return value does not evaluate to ``False``.\n    \n        :param method: callable(WebDriver)\n        :param message: optional message for :exc:`TimeoutException`\n        :returns: the result of the last call to `method`\n        :raises: :exc:`selenium.common.exceptions.TimeoutException` if timeout occurs\n        \"\"\"\n        screen = None\n        stacktrace = None\n    \n        end_time = time.monotonic() + self._timeout\n        while True:\n            try:\n                value = method(self._driver)\n                if value:\n                    return value\n            except self._ignored_exceptions as exc:\n                screen = getattr(exc, \"screen\", None)\n                stacktrace = getattr(exc, \"stacktrace\", None)\n            time.sleep(self._poll)\n            if time.monotonic() > end_time:\n                break\n>       raise TimeoutException(message, screen, stacktrace)\nE       selenium.common.exceptions.TimeoutException: Message:\n\n../local/lib/python3.12/site-packages/selenium/webdriver/support/wait.py:105: TimeoutException",
    "steps" : [ {
      "name" : "Critical",
      "time" : {
        "start" : 1715440347374,
        "stop" : 1715440365495,
        "duration" : 18121
      },
      "status" : "broken",
      "statusMessage" : "selenium.common.exceptions.TimeoutException: Message: \n\n",
      "statusTrace" : "  File \"/usr/local/lib/python3.12/site-packages/allure_commons/_allure.py\", line 192, in impl\n    return func(*a, **kw)\n           ^^^^^^^^^^^^^^\n  File \"/usr/workspace/tests/feature_profile_test.py\", line 30, in test_change_profile_name\n    self.personal_page.is_changes_save()\n  File \"/usr/local/lib/python3.12/site-packages/allure_commons/_allure.py\", line 192, in impl\n    return func(*a, **kw)\n           ^^^^^^^^^^^^^^\n  File \"/usr/workspace/pages/personal_page.py\", line 32, in is_changes_save\n    self.wait.until(EC.text_to_be_present_in_element_value(self.FIRST_NAME_FIELD, self.name))\n  File \"/usr/local/lib/python3.12/site-packages/selenium/webdriver/support/wait.py\", line 105, in until\n    raise TimeoutException(message, screen, stacktrace)\n",
      "steps" : [ {
        "name" : "Open https://opensource-demo.orangehrmlive.com/web/index.php/auth/login page",
        "time" : {
          "start" : 1715440347374,
          "stop" : 1715440349594,
          "duration" : 2220
        },
        "status" : "passed",
        "steps" : [ ],
        "attachments" : [ ],
        "parameters" : [ ],
        "attachmentsCount" : 0,
        "shouldDisplayMessage" : false,
        "stepsCount" : 0,
        "hasContent" : false
      }, {
        "name" : "Enter login",
        "time" : {
          "start" : 1715440349594,
          "stop" : 1715440350645,
          "duration" : 1051
        },
        "status" : "passed",
        "steps" : [ ],
        "attachments" : [ ],
        "parameters" : [ {
          "name" : "login",
          "value" : "'Admin'"
        } ],
        "attachmentsCount" : 0,
        "shouldDisplayMessage" : false,
        "stepsCount" : 0,
        "hasContent" : true
      }, {
        "name" : "Enter password",
        "time" : {
          "start" : 1715440350645,
          "stop" : 1715440350709,
          "duration" : 64
        },
        "status" : "passed",
        "steps" : [ ],
        "attachments" : [ ],
        "parameters" : [ {
          "name" : "password",
          "value" : "'admin123'"
        } ],
        "attachmentsCount" : 0,
        "shouldDisplayMessage" : false,
        "stepsCount" : 0,
        "hasContent" : true
      }, {
        "name" : "Click submit button",
        "time" : {
          "start" : 1715440350710,
          "stop" : 1715440350750,
          "duration" : 40
        },
        "status" : "passed",
        "steps" : [ ],
        "attachments" : [ ],
        "parameters" : [ ],
        "attachmentsCount" : 0,
        "shouldDisplayMessage" : false,
        "stepsCount" : 0,
        "hasContent" : false
      }, {
        "name" : "Page https://opensource-demo.orangehrmlive.com/web/index.php/dashboard/index is opened",
        "time" : {
          "start" : 1715440350750,
          "stop" : 1715440351809,
          "duration" : 1059
        },
        "status" : "passed",
        "steps" : [ ],
        "attachments" : [ ],
        "parameters" : [ ],
        "attachmentsCount" : 0,
        "shouldDisplayMessage" : false,
        "stepsCount" : 0,
        "hasContent" : false
      }, {
        "name" : "Click on 'My Info' link",
        "time" : {
          "start" : 1715440351809,
          "stop" : 1715440353863,
          "duration" : 2054
        },
        "status" : "passed",
        "steps" : [ ],
        "attachments" : [ ],
        "parameters" : [ ],
        "attachmentsCount" : 0,
        "shouldDisplayMessage" : false,
        "stepsCount" : 0,
        "hasContent" : false
      }, {
        "name" : "Page https://opensource-demo.orangehrmlive.com/web/index.php/pim/viewPersonalDetails/empNumber/7 is opened",
        "time" : {
          "start" : 1715440353863,
          "stop" : 1715440353865,
          "duration" : 2
        },
        "status" : "passed",
        "steps" : [ ],
        "attachments" : [ ],
        "parameters" : [ ],
        "attachmentsCount" : 0,
        "shouldDisplayMessage" : false,
        "stepsCount" : 0,
        "hasContent" : false
      }, {
        "name" : "Change name on 'eZFShhsaIxC'",
        "time" : {
          "start" : 1715440353865,
          "stop" : 1715440354962,
          "duration" : 1097
        },
        "status" : "passed",
        "steps" : [ ],
        "attachments" : [ ],
        "parameters" : [ ],
        "attachmentsCount" : 0,
        "shouldDisplayMessage" : false,
        "stepsCount" : 0,
        "hasContent" : false
      }, {
        "name" : "Save changes",
        "time" : {
          "start" : 1715440354962,
          "stop" : 1715440355392,
          "duration" : 430
        },
        "status" : "passed",
        "steps" : [ ],
        "attachments" : [ ],
        "parameters" : [ ],
        "attachmentsCount" : 0,
        "shouldDisplayMessage" : false,
        "stepsCount" : 0,
        "hasContent" : false
      }, {
        "name" : "Changes has been saved successfully",
        "time" : {
          "start" : 1715440355392,
          "stop" : 1715440365494,
          "duration" : 10102
        },
        "status" : "broken",
        "statusMessage" : "selenium.common.exceptions.TimeoutException: Message: \n\n",
        "statusTrace" : "  File \"/usr/local/lib/python3.12/site-packages/allure_commons/_allure.py\", line 192, in impl\n    return func(*a, **kw)\n           ^^^^^^^^^^^^^^\n  File \"/usr/workspace/pages/personal_page.py\", line 32, in is_changes_save\n    self.wait.until(EC.text_to_be_present_in_element_value(self.FIRST_NAME_FIELD, self.name))\n  File \"/usr/local/lib/python3.12/site-packages/selenium/webdriver/support/wait.py\", line 105, in until\n    raise TimeoutException(message, screen, stacktrace)\n",
        "steps" : [ ],
        "attachments" : [ ],
        "parameters" : [ ],
        "attachmentsCount" : 0,
        "shouldDisplayMessage" : true,
        "stepsCount" : 0,
        "hasContent" : true
      } ],
      "attachments" : [ ],
      "parameters" : [ ],
      "attachmentsCount" : 0,
      "shouldDisplayMessage" : false,
      "stepsCount" : 10,
      "hasContent" : true
    } ],
    "attachments" : [ ],
    "parameters" : [ ],
    "attachmentsCount" : 0,
    "shouldDisplayMessage" : true,
    "stepsCount" : 11,
    "hasContent" : true
  },
  "afterStages" : [ {
    "name" : "driver::0",
    "time" : {
      "start" : 1715440365526,
      "stop" : 1715440365615,
      "duration" : 89
    },
    "status" : "passed",
    "steps" : [ ],
    "attachments" : [ ],
    "parameters" : [ ],
    "attachmentsCount" : 0,
    "shouldDisplayMessage" : false,
    "stepsCount" : 0,
    "hasContent" : false
  } ],
  "labels" : [ {
    "name" : "feature",
    "value" : "Profile Functionality"
  }, {
    "name" : "tag",
    "value" : "smoke"
  }, {
    "name" : "parentSuite",
    "value" : "tests"
  }, {
    "name" : "suite",
    "value" : "feature_profile_test"
  }, {
    "name" : "subSuite",
    "value" : "TestProfileFeature"
  }, {
    "name" : "host",
    "value" : "dc7bf1526889"
  }, {
    "name" : "thread",
    "value" : "1-MainThread"
  }, {
    "name" : "framework",
    "value" : "pytest"
  }, {
    "name" : "language",
    "value" : "cpython3"
  }, {
    "name" : "package",
    "value" : "tests.feature_profile_test"
  }, {
    "name" : "resultFormat",
    "value" : "allure2"
  } ],
  "parameters" : [ ],
  "links" : [ ],
  "hidden" : false,
  "retry" : false,
  "extra" : {
    "severity" : "normal",
    "retries" : [ ],
    "categories" : [ {
      "name" : "Test defects",
      "matchedStatuses" : [ ],
      "flaky" : false
    } ],
    "history" : {
      "statistic" : {
        "failed" : 0,
        "broken" : 1,
        "skipped" : 0,
        "passed" : 2,
        "unknown" : 0,
        "total" : 3
      },
      "items" : [ {
        "uid" : "39d18f10567965b7",
        "status" : "passed",
        "time" : {
          "start" : 1715439944745,
          "stop" : 1715439956776,
          "duration" : 12031
        }
      }, {
        "uid" : "37efe0ec9e930bae",
        "status" : "passed",
        "time" : {
          "start" : 1715439473293,
          "stop" : 1715439484711,
          "duration" : 11418
        }
      } ]
    },
    "tags" : [ "smoke" ]
  },
  "source" : "d8ee3ef73617ad68.json",
  "parameterValues" : [ ]
}